This file contains any messages produced by compilers while
running configure, to aid debugging if configure makes a mistake.

It was created by Rogue configure 5.4.4-ant-r1.1.4, which was
generated by GNU Autoconf 2.69.  Invocation command line was

  $ ./configure 

## --------- ##
## Platform. ##
## --------- ##

hostname = dorina
uname -m = x86_64
uname -r = 3.16.0-4-amd64
uname -s = Linux
uname -v = #1 SMP Debian 3.16.51-3 (2017-12-13)

/usr/bin/uname -p = unknown
/bin/uname -X     = unknown

/bin/arch              = unknown
/usr/bin/arch -k       = unknown
/usr/convex/getsysinfo = unknown
/usr/bin/hostinfo      = unknown
/bin/machine           = unknown
/usr/bin/oslevel       = unknown
/bin/universe          = unknown

PATH: /usr/local/bin
PATH: /usr/bin
PATH: /bin
PATH: /usr/local/games
PATH: /usr/games


## ----------- ##
## Core tests. ##
## ----------- ##

configure:2262: checking build system type
configure:2276: result: x86_64-unknown-linux-gnu
configure:2296: checking host system type
configure:2309: result: x86_64-unknown-linux-gnu
configure:2329: checking target system type
configure:2342: result: x86_64-unknown-linux-gnu
configure:2419: checking for gcc
configure:2435: found /usr/bin/gcc
configure:2446: result: gcc
configure:2675: checking for C compiler version
configure:2684: gcc --version >&5
gcc (Debian 4.9.2-10) 4.9.2
Copyright (C) 2014 Free Software Foundation, Inc.
This is free software; see the source for copying conditions.  There is NO
warranty; not even for MERCHANTABILITY or FITNESS FOR A PARTICULAR PURPOSE.

configure:2695: $? = 0
configure:2684: gcc -v >&5
Using built-in specs.
COLLECT_GCC=gcc
COLLECT_LTO_WRAPPER=/usr/lib/gcc/x86_64-linux-gnu/4.9/lto-wrapper
Target: x86_64-linux-gnu
Configured with: ../src/configure -v --with-pkgversion='Debian 4.9.2-10' --with-bugurl=file:///usr/share/doc/gcc-4.9/README.Bugs --enable-languages=c,c++,java,go,d,fortran,objc,obj-c++ --prefix=/usr --program-suffix=-4.9 --enable-shared --enable-linker-build-id --libexecdir=/usr/lib --without-included-gettext --enable-threads=posix --with-gxx-include-dir=/usr/include/c++/4.9 --libdir=/usr/lib --enable-nls --with-sysroot=/ --enable-clocale=gnu --enable-libstdcxx-debug --enable-libstdcxx-time=yes --enable-gnu-unique-object --disable-vtable-verify --enable-plugin --with-system-zlib --disable-browser-plugin --enable-java-awt=gtk --enable-gtk-cairo --with-java-home=/usr/lib/jvm/java-1.5.0-gcj-4.9-amd64/jre --enable-java-home --with-jvm-root-dir=/usr/lib/jvm/java-1.5.0-gcj-4.9-amd64 --with-jvm-jar-dir=/usr/lib/jvm-exports/java-1.5.0-gcj-4.9-amd64 --with-arch-directory=amd64 --with-ecj-jar=/usr/share/java/eclipse-ecj.jar --enable-objc-gc --enable-multiarch --with-arch-32=i586 --with-abi=m64 --with-multilib-list=m32,m64,mx32 --enable-multilib --with-tune=generic --enable-checking=release --build=x86_64-linux-gnu --host=x86_64-linux-gnu --target=x86_64-linux-gnu
Thread model: posix
gcc version 4.9.2 (Debian 4.9.2-10) 
configure:2695: $? = 0
configure:2684: gcc -V >&5
gcc: error: unrecognized command line option '-V'
gcc: fatal error: no input files
compilation terminated.
configure:2695: $? = 4
configure:2684: gcc -qversion >&5
gcc: error: unrecognized command line option '-qversion'
gcc: fatal error: no input files
compilation terminated.
configure:2695: $? = 4
configure:2715: checking whether the C compiler works
configure:2737: gcc    conftest.c  >&5
configure:2741: $? = 0
configure:2789: result: yes
configure:2792: checking for C compiler default output file name
configure:2794: result: a.out
configure:2800: checking for suffix of executables
configure:2807: gcc -o conftest    conftest.c  >&5
configure:2811: $? = 0
configure:2833: result: 
configure:2855: checking whether we are cross compiling
configure:2863: gcc -o conftest    conftest.c  >&5
configure:2867: $? = 0
configure:2874: ./conftest
configure:2878: $? = 0
configure:2893: result: no
configure:2898: checking for suffix of object files
configure:2920: gcc -c   conftest.c >&5
configure:2924: $? = 0
configure:2945: result: o
configure:2949: checking whether we are using the GNU C compiler
configure:2968: gcc -c   conftest.c >&5
configure:2968: $? = 0
configure:2977: result: yes
configure:2986: checking whether gcc accepts -g
configure:3006: gcc -c -g  conftest.c >&5
configure:3006: $? = 0
configure:3047: result: yes
configure:3064: checking for gcc option to accept ISO C89
configure:3127: gcc  -c -g -O2  conftest.c >&5
configure:3127: $? = 0
configure:3140: result: none needed
configure:3170: checking how to run the C preprocessor
configure:3201: gcc -E  conftest.c
configure:3201: $? = 0
configure:3215: gcc -E  conftest.c
conftest.c:9:28: fatal error: ac_nonexistent.h: No such file or directory
 #include <ac_nonexistent.h>
                            ^
compilation terminated.
configure:3215: $? = 1
configure: failed program was:
| /* confdefs.h */
| #define PACKAGE_NAME "Rogue"
| #define PACKAGE_TARNAME "rogue"
| #define PACKAGE_VERSION "5.4.4-ant-r1.1.4"
| #define PACKAGE_STRING "Rogue 5.4.4-ant-r1.1.4"
| #define PACKAGE_BUGREPORT "ant@anthive.com"
| #define PACKAGE_URL ""
| /* end confdefs.h.  */
| #include <ac_nonexistent.h>
configure:3240: result: gcc -E
configure:3260: gcc -E  conftest.c
configure:3260: $? = 0
configure:3274: gcc -E  conftest.c
conftest.c:9:28: fatal error: ac_nonexistent.h: No such file or directory
 #include <ac_nonexistent.h>
                            ^
compilation terminated.
configure:3274: $? = 1
configure: failed program was:
| /* confdefs.h */
| #define PACKAGE_NAME "Rogue"
| #define PACKAGE_TARNAME "rogue"
| #define PACKAGE_VERSION "5.4.4-ant-r1.1.4"
| #define PACKAGE_STRING "Rogue 5.4.4-ant-r1.1.4"
| #define PACKAGE_BUGREPORT "ant@anthive.com"
| #define PACKAGE_URL ""
| /* end confdefs.h.  */
| #include <ac_nonexistent.h>
configure:3303: checking for grep that handles long lines and -e
configure:3361: result: /bin/grep
configure:3366: checking for egrep
configure:3428: result: /bin/grep -E
configure:3433: checking for ANSI C header files
configure:3453: gcc -c -g -O2  conftest.c >&5
configure:3453: $? = 0
configure:3526: gcc -o conftest -g -O2   conftest.c  >&5
configure:3526: $? = 0
configure:3526: ./conftest
configure:3526: $? = 0
configure:3537: result: yes
configure:3550: checking for sys/types.h
configure:3550: gcc -c -g -O2  conftest.c >&5
configure:3550: $? = 0
configure:3550: result: yes
configure:3550: checking for sys/stat.h
configure:3550: gcc -c -g -O2  conftest.c >&5
configure:3550: $? = 0
configure:3550: result: yes
configure:3550: checking for stdlib.h
configure:3550: gcc -c -g -O2  conftest.c >&5
configure:3550: $? = 0
configure:3550: result: yes
configure:3550: checking for string.h
configure:3550: gcc -c -g -O2  conftest.c >&5
configure:3550: $? = 0
configure:3550: result: yes
configure:3550: checking for memory.h
configure:3550: gcc -c -g -O2  conftest.c >&5
configure:3550: $? = 0
configure:3550: result: yes
configure:3550: checking for strings.h
configure:3550: gcc -c -g -O2  conftest.c >&5
configure:3550: $? = 0
configure:3550: result: yes
configure:3550: checking for inttypes.h
configure:3550: gcc -c -g -O2  conftest.c >&5
configure:3550: $? = 0
configure:3550: result: yes
configure:3550: checking for stdint.h
configure:3550: gcc -c -g -O2  conftest.c >&5
configure:3550: $? = 0
configure:3550: result: yes
configure:3550: checking for unistd.h
configure:3550: gcc -c -g -O2  conftest.c >&5
configure:3550: $? = 0
configure:3550: result: yes
configure:3565: checking arpa/inet.h usability
configure:3565: gcc -c -g -O2  conftest.c >&5
configure:3565: $? = 0
configure:3565: result: yes
configure:3565: checking arpa/inet.h presence
configure:3565: gcc -E  conftest.c
configure:3565: $? = 0
configure:3565: result: yes
configure:3565: checking for arpa/inet.h
configure:3565: result: yes
configure:3565: checking sys/utsname.h usability
configure:3565: gcc -c -g -O2  conftest.c >&5
configure:3565: $? = 0
configure:3565: result: yes
configure:3565: checking sys/utsname.h presence
configure:3565: gcc -E  conftest.c
configure:3565: $? = 0
configure:3565: result: yes
configure:3565: checking for sys/utsname.h
configure:3565: result: yes
configure:3565: checking pwd.h usability
configure:3565: gcc -c -g -O2  conftest.c >&5
configure:3565: $? = 0
configure:3565: result: yes
configure:3565: checking pwd.h presence
configure:3565: gcc -E  conftest.c
configure:3565: $? = 0
configure:3565: result: yes
configure:3565: checking for pwd.h
configure:3565: result: yes
configure:3565: checking fcntl.h usability
configure:3565: gcc -c -g -O2  conftest.c >&5
configure:3565: $? = 0
configure:3565: result: yes
configure:3565: checking fcntl.h presence
configure:3565: gcc -E  conftest.c
configure:3565: $? = 0
configure:3565: result: yes
configure:3565: checking for fcntl.h
configure:3565: result: yes
configure:3565: checking limits.h usability
configure:3565: gcc -c -g -O2  conftest.c >&5
configure:3565: $? = 0
configure:3565: result: yes
configure:3565: checking limits.h presence
configure:3565: gcc -E  conftest.c
configure:3565: $? = 0
configure:3565: result: yes
configure:3565: checking for limits.h
configure:3565: result: yes
configure:3565: checking nlist.h usability
configure:3565: gcc -c -g -O2  conftest.c >&5
conftest.c:57:19: fatal error: nlist.h: No such file or directory
 #include <nlist.h>
                   ^
compilation terminated.
configure:3565: $? = 1
configure: failed program was:
| /* confdefs.h */
| #define PACKAGE_NAME "Rogue"
| #define PACKAGE_TARNAME "rogue"
| #define PACKAGE_VERSION "5.4.4-ant-r1.1.4"
| #define PACKAGE_STRING "Rogue 5.4.4-ant-r1.1.4"
| #define PACKAGE_BUGREPORT "ant@anthive.com"
| #define PACKAGE_URL ""
| #define STDC_HEADERS 1
| #define HAVE_SYS_TYPES_H 1
| #define HAVE_SYS_STAT_H 1
| #define HAVE_STDLIB_H 1
| #define HAVE_STRING_H 1
| #define HAVE_MEMORY_H 1
| #define HAVE_STRINGS_H 1
| #define HAVE_INTTYPES_H 1
| #define HAVE_STDINT_H 1
| #define HAVE_UNISTD_H 1
| #define HAVE_ARPA_INET_H 1
| #define HAVE_SYS_UTSNAME_H 1
| #define HAVE_PWD_H 1
| #define HAVE_FCNTL_H 1
| #define HAVE_LIMITS_H 1
| /* end confdefs.h.  */
| #include <stdio.h>
| #ifdef HAVE_SYS_TYPES_H
| # include <sys/types.h>
| #endif
| #ifdef HAVE_SYS_STAT_H
| # include <sys/stat.h>
| #endif
| #ifdef STDC_HEADERS
| # include <stdlib.h>
| # include <stddef.h>
| #else
| # ifdef HAVE_STDLIB_H
| #  include <stdlib.h>
| # endif
| #endif
| #ifdef HAVE_STRING_H
| # if !defined STDC_HEADERS && defined HAVE_MEMORY_H
| #  include <memory.h>
| # endif
| # include <string.h>
| #endif
| #ifdef HAVE_STRINGS_H
| # include <strings.h>
| #endif
| #ifdef HAVE_INTTYPES_H
| # include <inttypes.h>
| #endif
| #ifdef HAVE_STDINT_H
| # include <stdint.h>
| #endif
| #ifdef HAVE_UNISTD_H
| # include <unistd.h>
| #endif
| #include <nlist.h>
configure:3565: result: no
configure:3565: checking nlist.h presence
configure:3565: gcc -E  conftest.c
conftest.c:24:19: fatal error: nlist.h: No such file or directory
 #include <nlist.h>
                   ^
compilation terminated.
configure:3565: $? = 1
configure: failed program was:
| /* confdefs.h */
| #define PACKAGE_NAME "Rogue"
| #define PACKAGE_TARNAME "rogue"
| #define PACKAGE_VERSION "5.4.4-ant-r1.1.4"
| #define PACKAGE_STRING "Rogue 5.4.4-ant-r1.1.4"
| #define PACKAGE_BUGREPORT "ant@anthive.com"
| #define PACKAGE_URL ""
| #define STDC_HEADERS 1
| #define HAVE_SYS_TYPES_H 1
| #define HAVE_SYS_STAT_H 1
| #define HAVE_STDLIB_H 1
| #define HAVE_STRING_H 1
| #define HAVE_MEMORY_H 1
| #define HAVE_STRINGS_H 1
| #define HAVE_INTTYPES_H 1
| #define HAVE_STDINT_H 1
| #define HAVE_UNISTD_H 1
| #define HAVE_ARPA_INET_H 1
| #define HAVE_SYS_UTSNAME_H 1
| #define HAVE_PWD_H 1
| #define HAVE_FCNTL_H 1
| #define HAVE_LIMITS_H 1
| /* end confdefs.h.  */
| #include <nlist.h>
configure:3565: result: no
configure:3565: checking for nlist.h
configure:3565: result: no
configure:3565: checking for stdlib.h
configure:3565: result: yes
configure:3565: checking for string.h
configure:3565: result: yes
configure:3565: checking sys/ioctl.h usability
configure:3565: gcc -c -g -O2  conftest.c >&5
configure:3565: $? = 0
configure:3565: result: yes
configure:3565: checking sys/ioctl.h presence
configure:3565: gcc -E  conftest.c
configure:3565: $? = 0
configure:3565: result: yes
configure:3565: checking for sys/ioctl.h
configure:3565: result: yes
configure:3565: checking termios.h usability
configure:3565: gcc -c -g -O2  conftest.c >&5
configure:3565: $? = 0
configure:3565: result: yes
configure:3565: checking termios.h presence
configure:3565: gcc -E  conftest.c
configure:3565: $? = 0
configure:3565: result: yes
configure:3565: checking for termios.h
configure:3565: result: yes
configure:3565: checking for unistd.h
configure:3565: result: yes
configure:3565: checking utmp.h usability
configure:3565: gcc -c -g -O2  conftest.c >&5
configure:3565: $? = 0
configure:3565: result: yes
configure:3565: checking utmp.h presence
configure:3565: gcc -E  conftest.c
configure:3565: $? = 0
configure:3565: result: yes
configure:3565: checking for utmp.h
configure:3565: result: yes
configure:3565: checking term.h usability
configure:3565: gcc -c -g -O2  conftest.c >&5
configure:3565: $? = 0
configure:3565: result: yes
configure:3565: checking term.h presence
configure:3565: gcc -E  conftest.c
configure:3565: $? = 0
configure:3565: result: yes
configure:3565: checking for term.h
configure:3565: result: yes
configure:3565: checking ncurses/term.h usability
configure:3565: gcc -c -g -O2  conftest.c >&5
conftest.c:64:26: fatal error: ncurses/term.h: No such file or directory
 #include <ncurses/term.h>
                          ^
compilation terminated.
configure:3565: $? = 1
configure: failed program was:
| /* confdefs.h */
| #define PACKAGE_NAME "Rogue"
| #define PACKAGE_TARNAME "rogue"
| #define PACKAGE_VERSION "5.4.4-ant-r1.1.4"
| #define PACKAGE_STRING "Rogue 5.4.4-ant-r1.1.4"
| #define PACKAGE_BUGREPORT "ant@anthive.com"
| #define PACKAGE_URL ""
| #define STDC_HEADERS 1
| #define HAVE_SYS_TYPES_H 1
| #define HAVE_SYS_STAT_H 1
| #define HAVE_STDLIB_H 1
| #define HAVE_STRING_H 1
| #define HAVE_MEMORY_H 1
| #define HAVE_STRINGS_H 1
| #define HAVE_INTTYPES_H 1
| #define HAVE_STDINT_H 1
| #define HAVE_UNISTD_H 1
| #define HAVE_ARPA_INET_H 1
| #define HAVE_SYS_UTSNAME_H 1
| #define HAVE_PWD_H 1
| #define HAVE_FCNTL_H 1
| #define HAVE_LIMITS_H 1
| #define HAVE_STDLIB_H 1
| #define HAVE_STRING_H 1
| #define HAVE_SYS_IOCTL_H 1
| #define HAVE_TERMIOS_H 1
| #define HAVE_UNISTD_H 1
| #define HAVE_UTMP_H 1
| #define HAVE_TERM_H 1
| /* end confdefs.h.  */
| #include <stdio.h>
| #ifdef HAVE_SYS_TYPES_H
| # include <sys/types.h>
| #endif
| #ifdef HAVE_SYS_STAT_H
| # include <sys/stat.h>
| #endif
| #ifdef STDC_HEADERS
| # include <stdlib.h>
| # include <stddef.h>
| #else
| # ifdef HAVE_STDLIB_H
| #  include <stdlib.h>
| # endif
| #endif
| #ifdef HAVE_STRING_H
| # if !defined STDC_HEADERS && defined HAVE_MEMORY_H
| #  include <memory.h>
| # endif
| # include <string.h>
| #endif
| #ifdef HAVE_STRINGS_H
| # include <strings.h>
| #endif
| #ifdef HAVE_INTTYPES_H
| # include <inttypes.h>
| #endif
| #ifdef HAVE_STDINT_H
| # include <stdint.h>
| #endif
| #ifdef HAVE_UNISTD_H
| # include <unistd.h>
| #endif
| #include <ncurses/term.h>
configure:3565: result: no
configure:3565: checking ncurses/term.h presence
configure:3565: gcc -E  conftest.c
conftest.c:31:26: fatal error: ncurses/term.h: No such file or directory
 #include <ncurses/term.h>
                          ^
compilation terminated.
configure:3565: $? = 1
configure: failed program was:
| /* confdefs.h */
| #define PACKAGE_NAME "Rogue"
| #define PACKAGE_TARNAME "rogue"
| #define PACKAGE_VERSION "5.4.4-ant-r1.1.4"
| #define PACKAGE_STRING "Rogue 5.4.4-ant-r1.1.4"
| #define PACKAGE_BUGREPORT "ant@anthive.com"
| #define PACKAGE_URL ""
| #define STDC_HEADERS 1
| #define HAVE_SYS_TYPES_H 1
| #define HAVE_SYS_STAT_H 1
| #define HAVE_STDLIB_H 1
| #define HAVE_STRING_H 1
| #define HAVE_MEMORY_H 1
| #define HAVE_STRINGS_H 1
| #define HAVE_INTTYPES_H 1
| #define HAVE_STDINT_H 1
| #define HAVE_UNISTD_H 1
| #define HAVE_ARPA_INET_H 1
| #define HAVE_SYS_UTSNAME_H 1
| #define HAVE_PWD_H 1
| #define HAVE_FCNTL_H 1
| #define HAVE_LIMITS_H 1
| #define HAVE_STDLIB_H 1
| #define HAVE_STRING_H 1
| #define HAVE_SYS_IOCTL_H 1
| #define HAVE_TERMIOS_H 1
| #define HAVE_UNISTD_H 1
| #define HAVE_UTMP_H 1
| #define HAVE_TERM_H 1
| /* end confdefs.h.  */
| #include <ncurses/term.h>
configure:3565: result: no
configure:3565: checking for ncurses/term.h
configure:3565: result: no
configure:3565: checking process.h usability
configure:3565: gcc -c -g -O2  conftest.c >&5
conftest.c:64:21: fatal error: process.h: No such file or directory
 #include <process.h>
                     ^
compilation terminated.
configure:3565: $? = 1
configure: failed program was:
| /* confdefs.h */
| #define PACKAGE_NAME "Rogue"
| #define PACKAGE_TARNAME "rogue"
| #define PACKAGE_VERSION "5.4.4-ant-r1.1.4"
| #define PACKAGE_STRING "Rogue 5.4.4-ant-r1.1.4"
| #define PACKAGE_BUGREPORT "ant@anthive.com"
| #define PACKAGE_URL ""
| #define STDC_HEADERS 1
| #define HAVE_SYS_TYPES_H 1
| #define HAVE_SYS_STAT_H 1
| #define HAVE_STDLIB_H 1
| #define HAVE_STRING_H 1
| #define HAVE_MEMORY_H 1
| #define HAVE_STRINGS_H 1
| #define HAVE_INTTYPES_H 1
| #define HAVE_STDINT_H 1
| #define HAVE_UNISTD_H 1
| #define HAVE_ARPA_INET_H 1
| #define HAVE_SYS_UTSNAME_H 1
| #define HAVE_PWD_H 1
| #define HAVE_FCNTL_H 1
| #define HAVE_LIMITS_H 1
| #define HAVE_STDLIB_H 1
| #define HAVE_STRING_H 1
| #define HAVE_SYS_IOCTL_H 1
| #define HAVE_TERMIOS_H 1
| #define HAVE_UNISTD_H 1
| #define HAVE_UTMP_H 1
| #define HAVE_TERM_H 1
| /* end confdefs.h.  */
| #include <stdio.h>
| #ifdef HAVE_SYS_TYPES_H
| # include <sys/types.h>
| #endif
| #ifdef HAVE_SYS_STAT_H
| # include <sys/stat.h>
| #endif
| #ifdef STDC_HEADERS
| # include <stdlib.h>
| # include <stddef.h>
| #else
| # ifdef HAVE_STDLIB_H
| #  include <stdlib.h>
| # endif
| #endif
| #ifdef HAVE_STRING_H
| # if !defined STDC_HEADERS && defined HAVE_MEMORY_H
| #  include <memory.h>
| # endif
| # include <string.h>
| #endif
| #ifdef HAVE_STRINGS_H
| # include <strings.h>
| #endif
| #ifdef HAVE_INTTYPES_H
| # include <inttypes.h>
| #endif
| #ifdef HAVE_STDINT_H
| # include <stdint.h>
| #endif
| #ifdef HAVE_UNISTD_H
| # include <unistd.h>
| #endif
| #include <process.h>
configure:3565: result: no
configure:3565: checking process.h presence
configure:3565: gcc -E  conftest.c
conftest.c:31:21: fatal error: process.h: No such file or directory
 #include <process.h>
                     ^
compilation terminated.
configure:3565: $? = 1
configure: failed program was:
| /* confdefs.h */
| #define PACKAGE_NAME "Rogue"
| #define PACKAGE_TARNAME "rogue"
| #define PACKAGE_VERSION "5.4.4-ant-r1.1.4"
| #define PACKAGE_STRING "Rogue 5.4.4-ant-r1.1.4"
| #define PACKAGE_BUGREPORT "ant@anthive.com"
| #define PACKAGE_URL ""
| #define STDC_HEADERS 1
| #define HAVE_SYS_TYPES_H 1
| #define HAVE_SYS_STAT_H 1
| #define HAVE_STDLIB_H 1
| #define HAVE_STRING_H 1
| #define HAVE_MEMORY_H 1
| #define HAVE_STRINGS_H 1
| #define HAVE_INTTYPES_H 1
| #define HAVE_STDINT_H 1
| #define HAVE_UNISTD_H 1
| #define HAVE_ARPA_INET_H 1
| #define HAVE_SYS_UTSNAME_H 1
| #define HAVE_PWD_H 1
| #define HAVE_FCNTL_H 1
| #define HAVE_LIMITS_H 1
| #define HAVE_STDLIB_H 1
| #define HAVE_STRING_H 1
| #define HAVE_SYS_IOCTL_H 1
| #define HAVE_TERMIOS_H 1
| #define HAVE_UNISTD_H 1
| #define HAVE_UTMP_H 1
| #define HAVE_TERM_H 1
| /* end confdefs.h.  */
| #include <process.h>
configure:3565: result: no
configure:3565: checking for process.h
configure:3565: result: no
configure:3577: checking for stdbool.h that conforms to C99
configure:3644: gcc -c -g -O2  conftest.c >&5
configure:3644: $? = 0
configure:3651: result: yes
configure:3653: checking for _Bool
configure:3653: gcc -c -g -O2  conftest.c >&5
configure:3653: $? = 0
configure:3653: gcc -c -g -O2  conftest.c >&5
conftest.c: In function 'main':
conftest.c:67:20: error: expected expression before ')' token
 if (sizeof ((_Bool)))
                    ^
configure:3653: $? = 1
configure: failed program was:
| /* confdefs.h */
| #define PACKAGE_NAME "Rogue"
| #define PACKAGE_TARNAME "rogue"
| #define PACKAGE_VERSION "5.4.4-ant-r1.1.4"
| #define PACKAGE_STRING "Rogue 5.4.4-ant-r1.1.4"
| #define PACKAGE_BUGREPORT "ant@anthive.com"
| #define PACKAGE_URL ""
| #define STDC_HEADERS 1
| #define HAVE_SYS_TYPES_H 1
| #define HAVE_SYS_STAT_H 1
| #define HAVE_STDLIB_H 1
| #define HAVE_STRING_H 1
| #define HAVE_MEMORY_H 1
| #define HAVE_STRINGS_H 1
| #define HAVE_INTTYPES_H 1
| #define HAVE_STDINT_H 1
| #define HAVE_UNISTD_H 1
| #define HAVE_ARPA_INET_H 1
| #define HAVE_SYS_UTSNAME_H 1
| #define HAVE_PWD_H 1
| #define HAVE_FCNTL_H 1
| #define HAVE_LIMITS_H 1
| #define HAVE_STDLIB_H 1
| #define HAVE_STRING_H 1
| #define HAVE_SYS_IOCTL_H 1
| #define HAVE_TERMIOS_H 1
| #define HAVE_UNISTD_H 1
| #define HAVE_UTMP_H 1
| #define HAVE_TERM_H 1
| /* end confdefs.h.  */
| #include <stdio.h>
| #ifdef HAVE_SYS_TYPES_H
| # include <sys/types.h>
| #endif
| #ifdef HAVE_SYS_STAT_H
| # include <sys/stat.h>
| #endif
| #ifdef STDC_HEADERS
| # include <stdlib.h>
| # include <stddef.h>
| #else
| # ifdef HAVE_STDLIB_H
| #  include <stdlib.h>
| # endif
| #endif
| #ifdef HAVE_STRING_H
| # if !defined STDC_HEADERS && defined HAVE_MEMORY_H
| #  include <memory.h>
| # endif
| # include <string.h>
| #endif
| #ifdef HAVE_STRINGS_H
| # include <strings.h>
| #endif
| #ifdef HAVE_INTTYPES_H
| # include <inttypes.h>
| #endif
| #ifdef HAVE_STDINT_H
| # include <stdint.h>
| #endif
| #ifdef HAVE_UNISTD_H
| # include <unistd.h>
| #endif
| int
| main ()
| {
| if (sizeof ((_Bool)))
| 	    return 0;
|   ;
|   return 0;
| }
configure:3653: result: yes
configure:3670: checking for an ANSI C-conforming const
configure:3736: gcc -c -g -O2  conftest.c >&5
configure:3736: $? = 0
configure:3743: result: yes
configure:3751: checking for uid_t in sys/types.h
configure:3770: result: yes
configure:3781: checking for size_t
configure:3781: gcc -c -g -O2  conftest.c >&5
configure:3781: $? = 0
configure:3781: gcc -c -g -O2  conftest.c >&5
conftest.c: In function 'main':
conftest.c:69:21: error: expected expression before ')' token
 if (sizeof ((size_t)))
                     ^
configure:3781: $? = 1
configure: failed program was:
| /* confdefs.h */
| #define PACKAGE_NAME "Rogue"
| #define PACKAGE_TARNAME "rogue"
| #define PACKAGE_VERSION "5.4.4-ant-r1.1.4"
| #define PACKAGE_STRING "Rogue 5.4.4-ant-r1.1.4"
| #define PACKAGE_BUGREPORT "ant@anthive.com"
| #define PACKAGE_URL ""
| #define STDC_HEADERS 1
| #define HAVE_SYS_TYPES_H 1
| #define HAVE_SYS_STAT_H 1
| #define HAVE_STDLIB_H 1
| #define HAVE_STRING_H 1
| #define HAVE_MEMORY_H 1
| #define HAVE_STRINGS_H 1
| #define HAVE_INTTYPES_H 1
| #define HAVE_STDINT_H 1
| #define HAVE_UNISTD_H 1
| #define HAVE_ARPA_INET_H 1
| #define HAVE_SYS_UTSNAME_H 1
| #define HAVE_PWD_H 1
| #define HAVE_FCNTL_H 1
| #define HAVE_LIMITS_H 1
| #define HAVE_STDLIB_H 1
| #define HAVE_STRING_H 1
| #define HAVE_SYS_IOCTL_H 1
| #define HAVE_TERMIOS_H 1
| #define HAVE_UNISTD_H 1
| #define HAVE_UTMP_H 1
| #define HAVE_TERM_H 1
| #define HAVE__BOOL 1
| #define HAVE_STDBOOL_H 1
| /* end confdefs.h.  */
| #include <stdio.h>
| #ifdef HAVE_SYS_TYPES_H
| # include <sys/types.h>
| #endif
| #ifdef HAVE_SYS_STAT_H
| # include <sys/stat.h>
| #endif
| #ifdef STDC_HEADERS
| # include <stdlib.h>
| # include <stddef.h>
| #else
| # ifdef HAVE_STDLIB_H
| #  include <stdlib.h>
| # endif
| #endif
| #ifdef HAVE_STRING_H
| # if !defined STDC_HEADERS && defined HAVE_MEMORY_H
| #  include <memory.h>
| # endif
| # include <string.h>
| #endif
| #ifdef HAVE_STRINGS_H
| # include <strings.h>
| #endif
| #ifdef HAVE_INTTYPES_H
| # include <inttypes.h>
| #endif
| #ifdef HAVE_STDINT_H
| # include <stdint.h>
| #endif
| #ifdef HAVE_UNISTD_H
| # include <unistd.h>
| #endif
| int
| main ()
| {
| if (sizeof ((size_t)))
| 	    return 0;
|   ;
|   return 0;
| }
configure:3781: result: yes
configure:3792: checking whether struct tm is in sys/time.h or time.h
configure:3812: gcc -c -g -O2  conftest.c >&5
configure:3812: $? = 0
configure:3819: result: time.h
configure:3828: checking for initscr in -lcurses
configure:3853: gcc -o conftest -g -O2   conftest.c -lcurses   >&5
configure:3853: $? = 0
configure:3862: result: yes
configure:3877: checking for pid_t
configure:3877: gcc -c -g -O2  conftest.c >&5
configure:3877: $? = 0
configure:3877: gcc -c -g -O2  conftest.c >&5
conftest.c: In function 'main':
conftest.c:70:20: error: expected expression before ')' token
 if (sizeof ((pid_t)))
                    ^
configure:3877: $? = 1
configure: failed program was:
| /* confdefs.h */
| #define PACKAGE_NAME "Rogue"
| #define PACKAGE_TARNAME "rogue"
| #define PACKAGE_VERSION "5.4.4-ant-r1.1.4"
| #define PACKAGE_STRING "Rogue 5.4.4-ant-r1.1.4"
| #define PACKAGE_BUGREPORT "ant@anthive.com"
| #define PACKAGE_URL ""
| #define STDC_HEADERS 1
| #define HAVE_SYS_TYPES_H 1
| #define HAVE_SYS_STAT_H 1
| #define HAVE_STDLIB_H 1
| #define HAVE_STRING_H 1
| #define HAVE_MEMORY_H 1
| #define HAVE_STRINGS_H 1
| #define HAVE_INTTYPES_H 1
| #define HAVE_STDINT_H 1
| #define HAVE_UNISTD_H 1
| #define HAVE_ARPA_INET_H 1
| #define HAVE_SYS_UTSNAME_H 1
| #define HAVE_PWD_H 1
| #define HAVE_FCNTL_H 1
| #define HAVE_LIMITS_H 1
| #define HAVE_STDLIB_H 1
| #define HAVE_STRING_H 1
| #define HAVE_SYS_IOCTL_H 1
| #define HAVE_TERMIOS_H 1
| #define HAVE_UNISTD_H 1
| #define HAVE_UTMP_H 1
| #define HAVE_TERM_H 1
| #define HAVE__BOOL 1
| #define HAVE_STDBOOL_H 1
| #define HAVE_LIBCURSES 1
| /* end confdefs.h.  */
| #include <stdio.h>
| #ifdef HAVE_SYS_TYPES_H
| # include <sys/types.h>
| #endif
| #ifdef HAVE_SYS_STAT_H
| # include <sys/stat.h>
| #endif
| #ifdef STDC_HEADERS
| # include <stdlib.h>
| # include <stddef.h>
| #else
| # ifdef HAVE_STDLIB_H
| #  include <stdlib.h>
| # endif
| #endif
| #ifdef HAVE_STRING_H
| # if !defined STDC_HEADERS && defined HAVE_MEMORY_H
| #  include <memory.h>
| # endif
| # include <string.h>
| #endif
| #ifdef HAVE_STRINGS_H
| # include <strings.h>
| #endif
| #ifdef HAVE_INTTYPES_H
| # include <inttypes.h>
| #endif
| #ifdef HAVE_STDINT_H
| # include <stdint.h>
| #endif
| #ifdef HAVE_UNISTD_H
| # include <unistd.h>
| #endif
| int
| main ()
| {
| if (sizeof ((pid_t)))
| 	    return 0;
|   ;
|   return 0;
| }
configure:3877: result: yes
configure:3890: checking vfork.h usability
configure:3890: gcc -c -g -O2  conftest.c >&5
conftest.c:67:19: fatal error: vfork.h: No such file or directory
 #include <vfork.h>
                   ^
compilation terminated.
configure:3890: $? = 1
configure: failed program was:
| /* confdefs.h */
| #define PACKAGE_NAME "Rogue"
| #define PACKAGE_TARNAME "rogue"
| #define PACKAGE_VERSION "5.4.4-ant-r1.1.4"
| #define PACKAGE_STRING "Rogue 5.4.4-ant-r1.1.4"
| #define PACKAGE_BUGREPORT "ant@anthive.com"
| #define PACKAGE_URL ""
| #define STDC_HEADERS 1
| #define HAVE_SYS_TYPES_H 1
| #define HAVE_SYS_STAT_H 1
| #define HAVE_STDLIB_H 1
| #define HAVE_STRING_H 1
| #define HAVE_MEMORY_H 1
| #define HAVE_STRINGS_H 1
| #define HAVE_INTTYPES_H 1
| #define HAVE_STDINT_H 1
| #define HAVE_UNISTD_H 1
| #define HAVE_ARPA_INET_H 1
| #define HAVE_SYS_UTSNAME_H 1
| #define HAVE_PWD_H 1
| #define HAVE_FCNTL_H 1
| #define HAVE_LIMITS_H 1
| #define HAVE_STDLIB_H 1
| #define HAVE_STRING_H 1
| #define HAVE_SYS_IOCTL_H 1
| #define HAVE_TERMIOS_H 1
| #define HAVE_UNISTD_H 1
| #define HAVE_UTMP_H 1
| #define HAVE_TERM_H 1
| #define HAVE__BOOL 1
| #define HAVE_STDBOOL_H 1
| #define HAVE_LIBCURSES 1
| /* end confdefs.h.  */
| #include <stdio.h>
| #ifdef HAVE_SYS_TYPES_H
| # include <sys/types.h>
| #endif
| #ifdef HAVE_SYS_STAT_H
| # include <sys/stat.h>
| #endif
| #ifdef STDC_HEADERS
| # include <stdlib.h>
| # include <stddef.h>
| #else
| # ifdef HAVE_STDLIB_H
| #  include <stdlib.h>
| # endif
| #endif
| #ifdef HAVE_STRING_H
| # if !defined STDC_HEADERS && defined HAVE_MEMORY_H
| #  include <memory.h>
| # endif
| # include <string.h>
| #endif
| #ifdef HAVE_STRINGS_H
| # include <strings.h>
| #endif
| #ifdef HAVE_INTTYPES_H
| # include <inttypes.h>
| #endif
| #ifdef HAVE_STDINT_H
| # include <stdint.h>
| #endif
| #ifdef HAVE_UNISTD_H
| # include <unistd.h>
| #endif
| #include <vfork.h>
configure:3890: result: no
configure:3890: checking vfork.h presence
configure:3890: gcc -E  conftest.c
conftest.c:34:19: fatal error: vfork.h: No such file or directory
 #include <vfork.h>
                   ^
compilation terminated.
configure:3890: $? = 1
configure: failed program was:
| /* confdefs.h */
| #define PACKAGE_NAME "Rogue"
| #define PACKAGE_TARNAME "rogue"
| #define PACKAGE_VERSION "5.4.4-ant-r1.1.4"
| #define PACKAGE_STRING "Rogue 5.4.4-ant-r1.1.4"
| #define PACKAGE_BUGREPORT "ant@anthive.com"
| #define PACKAGE_URL ""
| #define STDC_HEADERS 1
| #define HAVE_SYS_TYPES_H 1
| #define HAVE_SYS_STAT_H 1
| #define HAVE_STDLIB_H 1
| #define HAVE_STRING_H 1
| #define HAVE_MEMORY_H 1
| #define HAVE_STRINGS_H 1
| #define HAVE_INTTYPES_H 1
| #define HAVE_STDINT_H 1
| #define HAVE_UNISTD_H 1
| #define HAVE_ARPA_INET_H 1
| #define HAVE_SYS_UTSNAME_H 1
| #define HAVE_PWD_H 1
| #define HAVE_FCNTL_H 1
| #define HAVE_LIMITS_H 1
| #define HAVE_STDLIB_H 1
| #define HAVE_STRING_H 1
| #define HAVE_SYS_IOCTL_H 1
| #define HAVE_TERMIOS_H 1
| #define HAVE_UNISTD_H 1
| #define HAVE_UTMP_H 1
| #define HAVE_TERM_H 1
| #define HAVE__BOOL 1
| #define HAVE_STDBOOL_H 1
| #define HAVE_LIBCURSES 1
| /* end confdefs.h.  */
| #include <vfork.h>
configure:3890: result: no
configure:3890: checking for vfork.h
configure:3890: result: no
configure:3903: checking for fork
configure:3903: gcc -o conftest -g -O2   conftest.c -lcurses  >&5
conftest.c:57:6: warning: conflicting types for built-in function 'fork'
 char fork ();
      ^
configure:3903: $? = 0
configure:3903: result: yes
configure:3903: checking for vfork
configure:3903: gcc -o conftest -g -O2   conftest.c -lcurses  >&5
configure:3903: $? = 0
configure:3903: result: yes
configure:3913: checking for working fork
configure:3935: gcc -o conftest -g -O2   conftest.c -lcurses  >&5
configure:3935: $? = 0
configure:3935: ./conftest
configure:3935: $? = 0
configure:3945: result: yes
configure:3966: checking for working vfork
configure:4076: result: yes
configure:4102: checking whether gcc needs -traditional
configure:4136: result: no
configure:4143: checking whether lstat correctly handles trailing slash
configure:4169: gcc -o conftest -g -O2   conftest.c -lcurses  >&5
configure:4169: $? = 0
configure:4169: ./conftest
configure:4169: $? = 0
configure:4186: result: yes
configure:4205: checking whether lstat accepts an empty string
configure:4225: gcc -o conftest -g -O2   conftest.c -lcurses  >&5
configure:4225: $? = 0
configure:4225: ./conftest
configure:4225: $? = 0
configure:4235: result: no
configure:4251: checking whether lstat correctly handles trailing slash
configure:4294: result: yes
configure:4313: checking return type of signal handlers
configure:4331: gcc -c -g -O2  conftest.c >&5
conftest.c: In function 'main':
conftest.c:46:1: error: void value not ignored as it ought to be
 return *(signal (0, 0)) (0) == 1;
 ^
configure:4331: $? = 1
configure: failed program was:
| /* confdefs.h */
| #define PACKAGE_NAME "Rogue"
| #define PACKAGE_TARNAME "rogue"
| #define PACKAGE_VERSION "5.4.4-ant-r1.1.4"
| #define PACKAGE_STRING "Rogue 5.4.4-ant-r1.1.4"
| #define PACKAGE_BUGREPORT "ant@anthive.com"
| #define PACKAGE_URL ""
| #define STDC_HEADERS 1
| #define HAVE_SYS_TYPES_H 1
| #define HAVE_SYS_STAT_H 1
| #define HAVE_STDLIB_H 1
| #define HAVE_STRING_H 1
| #define HAVE_MEMORY_H 1
| #define HAVE_STRINGS_H 1
| #define HAVE_INTTYPES_H 1
| #define HAVE_STDINT_H 1
| #define HAVE_UNISTD_H 1
| #define HAVE_ARPA_INET_H 1
| #define HAVE_SYS_UTSNAME_H 1
| #define HAVE_PWD_H 1
| #define HAVE_FCNTL_H 1
| #define HAVE_LIMITS_H 1
| #define HAVE_STDLIB_H 1
| #define HAVE_STRING_H 1
| #define HAVE_SYS_IOCTL_H 1
| #define HAVE_TERMIOS_H 1
| #define HAVE_UNISTD_H 1
| #define HAVE_UTMP_H 1
| #define HAVE_TERM_H 1
| #define HAVE__BOOL 1
| #define HAVE_STDBOOL_H 1
| #define HAVE_LIBCURSES 1
| #define HAVE_FORK 1
| #define HAVE_VFORK 1
| #define HAVE_WORKING_VFORK 1
| #define HAVE_WORKING_FORK 1
| #define LSTAT_FOLLOWS_SLASHED_SYMLINK 1
| #define LSTAT_FOLLOWS_SLASHED_SYMLINK 1
| /* end confdefs.h.  */
| #include <sys/types.h>
| #include <signal.h>
| 
| int
| main ()
| {
| return *(signal (0, 0)) (0) == 1;
|   ;
|   return 0;
| }
configure:4338: result: void
configure:4346: checking whether stat accepts an empty string
configure:4366: gcc -o conftest -g -O2   conftest.c -lcurses  >&5
configure:4366: $? = 0
configure:4366: ./conftest
configure:4366: $? = 0
configure:4376: result: no
configure:4394: checking for vprintf
configure:4394: gcc -o conftest -g -O2   conftest.c -lcurses  >&5
conftest.c:64:6: warning: conflicting types for built-in function 'vprintf'
 char vprintf ();
      ^
configure:4394: $? = 0
configure:4394: result: yes
configure:4400: checking for _doprnt
configure:4400: gcc -o conftest -g -O2   conftest.c -lcurses  >&5
/tmp/ccoQ9s2Z.o: In function `main':
/home/students/francesco.sovrano/Documents/ML/Rogue/rogue5.4.4-ant-r1.1.4/conftest.c:76: undefined reference to `_doprnt'
collect2: error: ld returned 1 exit status
configure:4400: $? = 1
configure: failed program was:
| /* confdefs.h */
| #define PACKAGE_NAME "Rogue"
| #define PACKAGE_TARNAME "rogue"
| #define PACKAGE_VERSION "5.4.4-ant-r1.1.4"
| #define PACKAGE_STRING "Rogue 5.4.4-ant-r1.1.4"
| #define PACKAGE_BUGREPORT "ant@anthive.com"
| #define PACKAGE_URL ""
| #define STDC_HEADERS 1
| #define HAVE_SYS_TYPES_H 1
| #define HAVE_SYS_STAT_H 1
| #define HAVE_STDLIB_H 1
| #define HAVE_STRING_H 1
| #define HAVE_MEMORY_H 1
| #define HAVE_STRINGS_H 1
| #define HAVE_INTTYPES_H 1
| #define HAVE_STDINT_H 1
| #define HAVE_UNISTD_H 1
| #define HAVE_ARPA_INET_H 1
| #define HAVE_SYS_UTSNAME_H 1
| #define HAVE_PWD_H 1
| #define HAVE_FCNTL_H 1
| #define HAVE_LIMITS_H 1
| #define HAVE_STDLIB_H 1
| #define HAVE_STRING_H 1
| #define HAVE_SYS_IOCTL_H 1
| #define HAVE_TERMIOS_H 1
| #define HAVE_UNISTD_H 1
| #define HAVE_UTMP_H 1
| #define HAVE_TERM_H 1
| #define HAVE__BOOL 1
| #define HAVE_STDBOOL_H 1
| #define HAVE_LIBCURSES 1
| #define HAVE_FORK 1
| #define HAVE_VFORK 1
| #define HAVE_WORKING_VFORK 1
| #define HAVE_WORKING_FORK 1
| #define LSTAT_FOLLOWS_SLASHED_SYMLINK 1
| #define LSTAT_FOLLOWS_SLASHED_SYMLINK 1
| #define RETSIGTYPE void
| #define HAVE_VPRINTF 1
| /* end confdefs.h.  */
| /* Define _doprnt to an innocuous variant, in case <limits.h> declares _doprnt.
|    For example, HP-UX 11i <limits.h> declares gettimeofday.  */
| #define _doprnt innocuous__doprnt
| 
| /* System header to define __stub macros and hopefully few prototypes,
|     which can conflict with char _doprnt (); below.
|     Prefer <limits.h> to <assert.h> if __STDC__ is defined, since
|     <limits.h> exists even on freestanding compilers.  */
| 
| #ifdef __STDC__
| # include <limits.h>
| #else
| # include <assert.h>
| #endif
| 
| #undef _doprnt
| 
| /* Override any GCC internal prototype to avoid an error.
|    Use char because int might match the return type of a GCC
|    builtin and then its argument prototype would still apply.  */
| #ifdef __cplusplus
| extern "C"
| #endif
| char _doprnt ();
| /* The GNU C library defines this for functions which it implements
|     to always fail with ENOSYS.  Some functions are actually named
|     something starting with __ and the normal name is an alias.  */
| #if defined __stub__doprnt || defined __stub____doprnt
| choke me
| #endif
| 
| int
| main ()
| {
| return _doprnt ();
|   ;
|   return 0;
| }
configure:4400: result: no
configure:4414: checking for erasechar
configure:4414: gcc -o conftest -g -O2   conftest.c -lcurses  >&5
configure:4414: $? = 0
configure:4414: result: yes
configure:4414: checking for killchar
configure:4414: gcc -o conftest -g -O2   conftest.c -lcurses  >&5
configure:4414: $? = 0
configure:4414: result: yes
configure:4414: checking for alarm
configure:4414: gcc -o conftest -g -O2   conftest.c -lcurses  >&5
configure:4414: $? = 0
configure:4414: result: yes
configure:4414: checking for getpass
configure:4414: gcc -o conftest -g -O2   conftest.c -lcurses  >&5
configure:4414: $? = 0
configure:4414: result: yes
configure:4414: checking for memset
configure:4414: gcc -o conftest -g -O2   conftest.c -lcurses  >&5
conftest.c:69:6: warning: conflicting types for built-in function 'memset'
 char memset ();
      ^
configure:4414: $? = 0
configure:4414: result: yes
configure:4414: checking for setenv
configure:4414: gcc -o conftest -g -O2   conftest.c -lcurses  >&5
configure:4414: $? = 0
configure:4414: result: yes
configure:4414: checking for strchr
configure:4414: gcc -o conftest -g -O2   conftest.c -lcurses  >&5
conftest.c:71:6: warning: conflicting types for built-in function 'strchr'
 char strchr ();
      ^
configure:4414: $? = 0
configure:4414: result: yes
configure:4414: checking for nlist
configure:4414: gcc -o conftest -g -O2   conftest.c -lcurses  >&5
/tmp/cczCcalz.o: In function `main':
/home/students/francesco.sovrano/Documents/ML/Rogue/rogue5.4.4-ant-r1.1.4/conftest.c:83: undefined reference to `nlist'
collect2: error: ld returned 1 exit status
configure:4414: $? = 1
configure: failed program was:
| /* confdefs.h */
| #define PACKAGE_NAME "Rogue"
| #define PACKAGE_TARNAME "rogue"
| #define PACKAGE_VERSION "5.4.4-ant-r1.1.4"
| #define PACKAGE_STRING "Rogue 5.4.4-ant-r1.1.4"
| #define PACKAGE_BUGREPORT "ant@anthive.com"
| #define PACKAGE_URL ""
| #define STDC_HEADERS 1
| #define HAVE_SYS_TYPES_H 1
| #define HAVE_SYS_STAT_H 1
| #define HAVE_STDLIB_H 1
| #define HAVE_STRING_H 1
| #define HAVE_MEMORY_H 1
| #define HAVE_STRINGS_H 1
| #define HAVE_INTTYPES_H 1
| #define HAVE_STDINT_H 1
| #define HAVE_UNISTD_H 1
| #define HAVE_ARPA_INET_H 1
| #define HAVE_SYS_UTSNAME_H 1
| #define HAVE_PWD_H 1
| #define HAVE_FCNTL_H 1
| #define HAVE_LIMITS_H 1
| #define HAVE_STDLIB_H 1
| #define HAVE_STRING_H 1
| #define HAVE_SYS_IOCTL_H 1
| #define HAVE_TERMIOS_H 1
| #define HAVE_UNISTD_H 1
| #define HAVE_UTMP_H 1
| #define HAVE_TERM_H 1
| #define HAVE__BOOL 1
| #define HAVE_STDBOOL_H 1
| #define HAVE_LIBCURSES 1
| #define HAVE_FORK 1
| #define HAVE_VFORK 1
| #define HAVE_WORKING_VFORK 1
| #define HAVE_WORKING_FORK 1
| #define LSTAT_FOLLOWS_SLASHED_SYMLINK 1
| #define LSTAT_FOLLOWS_SLASHED_SYMLINK 1
| #define RETSIGTYPE void
| #define HAVE_VPRINTF 1
| #define HAVE_ERASECHAR 1
| #define HAVE_KILLCHAR 1
| #define HAVE_ALARM 1
| #define HAVE_GETPASS 1
| #define HAVE_MEMSET 1
| #define HAVE_SETENV 1
| #define HAVE_STRCHR 1
| /* end confdefs.h.  */
| /* Define nlist to an innocuous variant, in case <limits.h> declares nlist.
|    For example, HP-UX 11i <limits.h> declares gettimeofday.  */
| #define nlist innocuous_nlist
| 
| /* System header to define __stub macros and hopefully few prototypes,
|     which can conflict with char nlist (); below.
|     Prefer <limits.h> to <assert.h> if __STDC__ is defined, since
|     <limits.h> exists even on freestanding compilers.  */
| 
| #ifdef __STDC__
| # include <limits.h>
| #else
| # include <assert.h>
| #endif
| 
| #undef nlist
| 
| /* Override any GCC internal prototype to avoid an error.
|    Use char because int might match the return type of a GCC
|    builtin and then its argument prototype would still apply.  */
| #ifdef __cplusplus
| extern "C"
| #endif
| char nlist ();
| /* The GNU C library defines this for functions which it implements
|     to always fail with ENOSYS.  Some functions are actually named
|     something starting with __ and the normal name is an alias.  */
| #if defined __stub_nlist || defined __stub___nlist
| choke me
| #endif
| 
| int
| main ()
| {
| return nlist ();
|   ;
|   return 0;
| }
configure:4414: result: no
configure:4414: checking for _spawnl
configure:4414: gcc -o conftest -g -O2   conftest.c -lcurses  >&5
/tmp/ccVKa8PE.o: In function `main':
/home/students/francesco.sovrano/Documents/ML/Rogue/rogue5.4.4-ant-r1.1.4/conftest.c:83: undefined reference to `_spawnl'
collect2: error: ld returned 1 exit status
configure:4414: $? = 1
configure: failed program was:
| /* confdefs.h */
| #define PACKAGE_NAME "Rogue"
| #define PACKAGE_TARNAME "rogue"
| #define PACKAGE_VERSION "5.4.4-ant-r1.1.4"
| #define PACKAGE_STRING "Rogue 5.4.4-ant-r1.1.4"
| #define PACKAGE_BUGREPORT "ant@anthive.com"
| #define PACKAGE_URL ""
| #define STDC_HEADERS 1
| #define HAVE_SYS_TYPES_H 1
| #define HAVE_SYS_STAT_H 1
| #define HAVE_STDLIB_H 1
| #define HAVE_STRING_H 1
| #define HAVE_MEMORY_H 1
| #define HAVE_STRINGS_H 1
| #define HAVE_INTTYPES_H 1
| #define HAVE_STDINT_H 1
| #define HAVE_UNISTD_H 1
| #define HAVE_ARPA_INET_H 1
| #define HAVE_SYS_UTSNAME_H 1
| #define HAVE_PWD_H 1
| #define HAVE_FCNTL_H 1
| #define HAVE_LIMITS_H 1
| #define HAVE_STDLIB_H 1
| #define HAVE_STRING_H 1
| #define HAVE_SYS_IOCTL_H 1
| #define HAVE_TERMIOS_H 1
| #define HAVE_UNISTD_H 1
| #define HAVE_UTMP_H 1
| #define HAVE_TERM_H 1
| #define HAVE__BOOL 1
| #define HAVE_STDBOOL_H 1
| #define HAVE_LIBCURSES 1
| #define HAVE_FORK 1
| #define HAVE_VFORK 1
| #define HAVE_WORKING_VFORK 1
| #define HAVE_WORKING_FORK 1
| #define LSTAT_FOLLOWS_SLASHED_SYMLINK 1
| #define LSTAT_FOLLOWS_SLASHED_SYMLINK 1
| #define RETSIGTYPE void
| #define HAVE_VPRINTF 1
| #define HAVE_ERASECHAR 1
| #define HAVE_KILLCHAR 1
| #define HAVE_ALARM 1
| #define HAVE_GETPASS 1
| #define HAVE_MEMSET 1
| #define HAVE_SETENV 1
| #define HAVE_STRCHR 1
| /* end confdefs.h.  */
| /* Define _spawnl to an innocuous variant, in case <limits.h> declares _spawnl.
|    For example, HP-UX 11i <limits.h> declares gettimeofday.  */
| #define _spawnl innocuous__spawnl
| 
| /* System header to define __stub macros and hopefully few prototypes,
|     which can conflict with char _spawnl (); below.
|     Prefer <limits.h> to <assert.h> if __STDC__ is defined, since
|     <limits.h> exists even on freestanding compilers.  */
| 
| #ifdef __STDC__
| # include <limits.h>
| #else
| # include <assert.h>
| #endif
| 
| #undef _spawnl
| 
| /* Override any GCC internal prototype to avoid an error.
|    Use char because int might match the return type of a GCC
|    builtin and then its argument prototype would still apply.  */
| #ifdef __cplusplus
| extern "C"
| #endif
| char _spawnl ();
| /* The GNU C library defines this for functions which it implements
|     to always fail with ENOSYS.  Some functions are actually named
|     something starting with __ and the normal name is an alias.  */
| #if defined __stub__spawnl || defined __stub____spawnl
| choke me
| #endif
| 
| int
| main ()
| {
| return _spawnl ();
|   ;
|   return 0;
| }
configure:4414: result: no
configure:4414: checking for spawnl
configure:4414: gcc -o conftest -g -O2   conftest.c -lcurses  >&5
/tmp/cctJsIWJ.o: In function `main':
/home/students/francesco.sovrano/Documents/ML/Rogue/rogue5.4.4-ant-r1.1.4/conftest.c:83: undefined reference to `spawnl'
collect2: error: ld returned 1 exit status
configure:4414: $? = 1
configure: failed program was:
| /* confdefs.h */
| #define PACKAGE_NAME "Rogue"
| #define PACKAGE_TARNAME "rogue"
| #define PACKAGE_VERSION "5.4.4-ant-r1.1.4"
| #define PACKAGE_STRING "Rogue 5.4.4-ant-r1.1.4"
| #define PACKAGE_BUGREPORT "ant@anthive.com"
| #define PACKAGE_URL ""
| #define STDC_HEADERS 1
| #define HAVE_SYS_TYPES_H 1
| #define HAVE_SYS_STAT_H 1
| #define HAVE_STDLIB_H 1
| #define HAVE_STRING_H 1
| #define HAVE_MEMORY_H 1
| #define HAVE_STRINGS_H 1
| #define HAVE_INTTYPES_H 1
| #define HAVE_STDINT_H 1
| #define HAVE_UNISTD_H 1
| #define HAVE_ARPA_INET_H 1
| #define HAVE_SYS_UTSNAME_H 1
| #define HAVE_PWD_H 1
| #define HAVE_FCNTL_H 1
| #define HAVE_LIMITS_H 1
| #define HAVE_STDLIB_H 1
| #define HAVE_STRING_H 1
| #define HAVE_SYS_IOCTL_H 1
| #define HAVE_TERMIOS_H 1
| #define HAVE_UNISTD_H 1
| #define HAVE_UTMP_H 1
| #define HAVE_TERM_H 1
| #define HAVE__BOOL 1
| #define HAVE_STDBOOL_H 1
| #define HAVE_LIBCURSES 1
| #define HAVE_FORK 1
| #define HAVE_VFORK 1
| #define HAVE_WORKING_VFORK 1
| #define HAVE_WORKING_FORK 1
| #define LSTAT_FOLLOWS_SLASHED_SYMLINK 1
| #define LSTAT_FOLLOWS_SLASHED_SYMLINK 1
| #define RETSIGTYPE void
| #define HAVE_VPRINTF 1
| #define HAVE_ERASECHAR 1
| #define HAVE_KILLCHAR 1
| #define HAVE_ALARM 1
| #define HAVE_GETPASS 1
| #define HAVE_MEMSET 1
| #define HAVE_SETENV 1
| #define HAVE_STRCHR 1
| /* end confdefs.h.  */
| /* Define spawnl to an innocuous variant, in case <limits.h> declares spawnl.
|    For example, HP-UX 11i <limits.h> declares gettimeofday.  */
| #define spawnl innocuous_spawnl
| 
| /* System header to define __stub macros and hopefully few prototypes,
|     which can conflict with char spawnl (); below.
|     Prefer <limits.h> to <assert.h> if __STDC__ is defined, since
|     <limits.h> exists even on freestanding compilers.  */
| 
| #ifdef __STDC__
| # include <limits.h>
| #else
| # include <assert.h>
| #endif
| 
| #undef spawnl
| 
| /* Override any GCC internal prototype to avoid an error.
|    Use char because int might match the return type of a GCC
|    builtin and then its argument prototype would still apply.  */
| #ifdef __cplusplus
| extern "C"
| #endif
| char spawnl ();
| /* The GNU C library defines this for functions which it implements
|     to always fail with ENOSYS.  Some functions are actually named
|     something starting with __ and the normal name is an alias.  */
| #if defined __stub_spawnl || defined __stub___spawnl
| choke me
| #endif
| 
| int
| main ()
| {
| return spawnl ();
|   ;
|   return 0;
| }
configure:4414: result: no
configure:4414: checking for getpwuid
configure:4414: gcc -o conftest -g -O2   conftest.c -lcurses  >&5
configure:4414: $? = 0
configure:4414: result: yes
configure:4414: checking for loadav
configure:4414: gcc -o conftest -g -O2   conftest.c -lcurses  >&5
/tmp/ccbXy0LK.o: In function `main':
/home/students/francesco.sovrano/Documents/ML/Rogue/rogue5.4.4-ant-r1.1.4/conftest.c:84: undefined reference to `loadav'
collect2: error: ld returned 1 exit status
configure:4414: $? = 1
configure: failed program was:
| /* confdefs.h */
| #define PACKAGE_NAME "Rogue"
| #define PACKAGE_TARNAME "rogue"
| #define PACKAGE_VERSION "5.4.4-ant-r1.1.4"
| #define PACKAGE_STRING "Rogue 5.4.4-ant-r1.1.4"
| #define PACKAGE_BUGREPORT "ant@anthive.com"
| #define PACKAGE_URL ""
| #define STDC_HEADERS 1
| #define HAVE_SYS_TYPES_H 1
| #define HAVE_SYS_STAT_H 1
| #define HAVE_STDLIB_H 1
| #define HAVE_STRING_H 1
| #define HAVE_MEMORY_H 1
| #define HAVE_STRINGS_H 1
| #define HAVE_INTTYPES_H 1
| #define HAVE_STDINT_H 1
| #define HAVE_UNISTD_H 1
| #define HAVE_ARPA_INET_H 1
| #define HAVE_SYS_UTSNAME_H 1
| #define HAVE_PWD_H 1
| #define HAVE_FCNTL_H 1
| #define HAVE_LIMITS_H 1
| #define HAVE_STDLIB_H 1
| #define HAVE_STRING_H 1
| #define HAVE_SYS_IOCTL_H 1
| #define HAVE_TERMIOS_H 1
| #define HAVE_UNISTD_H 1
| #define HAVE_UTMP_H 1
| #define HAVE_TERM_H 1
| #define HAVE__BOOL 1
| #define HAVE_STDBOOL_H 1
| #define HAVE_LIBCURSES 1
| #define HAVE_FORK 1
| #define HAVE_VFORK 1
| #define HAVE_WORKING_VFORK 1
| #define HAVE_WORKING_FORK 1
| #define LSTAT_FOLLOWS_SLASHED_SYMLINK 1
| #define LSTAT_FOLLOWS_SLASHED_SYMLINK 1
| #define RETSIGTYPE void
| #define HAVE_VPRINTF 1
| #define HAVE_ERASECHAR 1
| #define HAVE_KILLCHAR 1
| #define HAVE_ALARM 1
| #define HAVE_GETPASS 1
| #define HAVE_MEMSET 1
| #define HAVE_SETENV 1
| #define HAVE_STRCHR 1
| #define HAVE_GETPWUID 1
| /* end confdefs.h.  */
| /* Define loadav to an innocuous variant, in case <limits.h> declares loadav.
|    For example, HP-UX 11i <limits.h> declares gettimeofday.  */
| #define loadav innocuous_loadav
| 
| /* System header to define __stub macros and hopefully few prototypes,
|     which can conflict with char loadav (); below.
|     Prefer <limits.h> to <assert.h> if __STDC__ is defined, since
|     <limits.h> exists even on freestanding compilers.  */
| 
| #ifdef __STDC__
| # include <limits.h>
| #else
| # include <assert.h>
| #endif
| 
| #undef loadav
| 
| /* Override any GCC internal prototype to avoid an error.
|    Use char because int might match the return type of a GCC
|    builtin and then its argument prototype would still apply.  */
| #ifdef __cplusplus
| extern "C"
| #endif
| char loadav ();
| /* The GNU C library defines this for functions which it implements
|     to always fail with ENOSYS.  Some functions are actually named
|     something starting with __ and the normal name is an alias.  */
| #if defined __stub_loadav || defined __stub___loadav
| choke me
| #endif
| 
| int
| main ()
| {
| return loadav ();
|   ;
|   return 0;
| }
configure:4414: result: no
configure:4414: checking for getloadavg
configure:4414: gcc -o conftest -g -O2   conftest.c -lcurses  >&5
configure:4414: $? = 0
configure:4414: result: yes
configure:4414: checking for strerror
configure:4414: gcc -o conftest -g -O2   conftest.c -lcurses  >&5
configure:4414: $? = 0
configure:4414: result: yes
configure:4414: checking for setresgid
configure:4414: gcc -o conftest -g -O2   conftest.c -lcurses  >&5
configure:4414: $? = 0
configure:4414: result: yes
configure:4414: checking for setregid
configure:4414: gcc -o conftest -g -O2   conftest.c -lcurses  >&5
configure:4414: $? = 0
configure:4414: result: yes
configure:4414: checking for setgid
configure:4414: gcc -o conftest -g -O2   conftest.c -lcurses  >&5
configure:4414: $? = 0
configure:4414: result: yes
configure:4414: checking for setresuid
configure:4414: gcc -o conftest -g -O2   conftest.c -lcurses  >&5
configure:4414: $? = 0
configure:4414: result: yes
configure:4414: checking for setreuid
configure:4414: gcc -o conftest -g -O2   conftest.c -lcurses  >&5
configure:4414: $? = 0
configure:4414: result: yes
configure:4414: checking for setuid
configure:4414: gcc -o conftest -g -O2   conftest.c -lcurses  >&5
configure:4414: $? = 0
configure:4414: result: yes
configure:4414: checking for getuid
configure:4414: gcc -o conftest -g -O2   conftest.c -lcurses  >&5
configure:4414: $? = 0
configure:4414: result: yes
configure:4414: checking for getgid
configure:4414: gcc -o conftest -g -O2   conftest.c -lcurses  >&5
configure:4414: $? = 0
configure:4414: result: yes
configure:4426: checking for nroff
configure:4442: found /usr/bin/nroff
configure:4453: result: nroff
configure:4463: checking for groff
configure:4479: found /usr/bin/groff
configure:4490: result: groff
configure:4500: checking for colcrt
configure:4516: found /usr/bin/colcrt
configure:4527: result: colcrt
configure:4537: checking for tbl
configure:4553: found /usr/bin/tbl
configure:4564: result: tbl
configure:4574: checking for sed
configure:4590: found /bin/sed
configure:4601: result: sed
configure:4626: checking if using setgid execute bit
configure:4647: result: no
configure:4658: checking for scoreboard file
configure:4676: result: rogue.scr
configure:4690: checking for scoreboard lockfile file
configure:4708: result: rogue.lck
configure:4722: checking if wizard mode is enabled
configure:4728: result: no
configure:4752: checking if allscores is enabled
configure:4758: result: yes
configure:4770: checking if checktime is enabled
configure:4779: result: no
configure:4788: checking runtime execution limit (maximum system load average)
configure:4797: result: unlimited
configure:4817: checking runtime execution limit (maximum online system users)
configure:4826: result: unlimited
configure:4846: checking what the number of scores to store in scoreboard is
configure:4858: result: 10
configure:4881: checking word for the number of scores to store in scoreboard is
configure:4893: result: Ten
configure:4916: checking whether to use program's built in load average function
configure:4928: result: no
configure:4951: checking whether to use program's built in user counting function
configure:4963: result: no
configure:4984: checking whether to docdir is defined
configure:4992: result: docdir defined
configure:5110: creating ./config.status

## ---------------------- ##
## Running config.status. ##
## ---------------------- ##

This file was extended by Rogue config.status 5.4.4-ant-r1.1.4, which was
generated by GNU Autoconf 2.69.  Invocation command line was

  CONFIG_FILES    = 
  CONFIG_HEADERS  = 
  CONFIG_LINKS    = 
  CONFIG_COMMANDS = 
  $ ./config.status 

on dorina

config.status:871: creating Makefile
config.status:871: creating rogue.6
config.status:871: creating rogue.cat
config.status:871: creating rogue.doc
config.status:871: creating rogue.html
config.status:871: creating rogue.me
config.status:871: creating config.h
config.status:1041: config.h is unchanged

## ---------------- ##
## Cache variables. ##
## ---------------- ##

ac_cv_build=x86_64-unknown-linux-gnu
ac_cv_c_compiler_gnu=yes
ac_cv_c_const=yes
ac_cv_env_CC_set=
ac_cv_env_CC_value=
ac_cv_env_CFLAGS_set=
ac_cv_env_CFLAGS_value=
ac_cv_env_CPPFLAGS_set=
ac_cv_env_CPPFLAGS_value=
ac_cv_env_CPP_set=
ac_cv_env_CPP_value=
ac_cv_env_LDFLAGS_set=
ac_cv_env_LDFLAGS_value=
ac_cv_env_LIBS_set=
ac_cv_env_LIBS_value=
ac_cv_env_build_alias_set=
ac_cv_env_build_alias_value=
ac_cv_env_host_alias_set=
ac_cv_env_host_alias_value=
ac_cv_env_target_alias_set=
ac_cv_env_target_alias_value=
ac_cv_func__doprnt=no
ac_cv_func__spawnl=no
ac_cv_func_alarm=yes
ac_cv_func_erasechar=yes
ac_cv_func_fork=yes
ac_cv_func_fork_works=yes
ac_cv_func_getgid=yes
ac_cv_func_getloadavg=yes
ac_cv_func_getpass=yes
ac_cv_func_getpwuid=yes
ac_cv_func_getuid=yes
ac_cv_func_killchar=yes
ac_cv_func_loadav=no
ac_cv_func_lstat_dereferences_slashed_symlink=yes
ac_cv_func_lstat_empty_string_bug=no
ac_cv_func_memset=yes
ac_cv_func_nlist=no
ac_cv_func_setenv=yes
ac_cv_func_setgid=yes
ac_cv_func_setregid=yes
ac_cv_func_setresgid=yes
ac_cv_func_setresuid=yes
ac_cv_func_setreuid=yes
ac_cv_func_setuid=yes
ac_cv_func_spawnl=no
ac_cv_func_stat_empty_string_bug=no
ac_cv_func_strchr=yes
ac_cv_func_strerror=yes
ac_cv_func_vfork=yes
ac_cv_func_vfork_works=yes
ac_cv_func_vprintf=yes
ac_cv_header_arpa_inet_h=yes
ac_cv_header_fcntl_h=yes
ac_cv_header_inttypes_h=yes
ac_cv_header_limits_h=yes
ac_cv_header_memory_h=yes
ac_cv_header_ncurses_term_h=no
ac_cv_header_nlist_h=no
ac_cv_header_process_h=no
ac_cv_header_pwd_h=yes
ac_cv_header_stdbool_h=yes
ac_cv_header_stdc=yes
ac_cv_header_stdint_h=yes
ac_cv_header_stdlib_h=yes
ac_cv_header_string_h=yes
ac_cv_header_strings_h=yes
ac_cv_header_sys_ioctl_h=yes
ac_cv_header_sys_stat_h=yes
ac_cv_header_sys_types_h=yes
ac_cv_header_sys_utsname_h=yes
ac_cv_header_term_h=yes
ac_cv_header_termios_h=yes
ac_cv_header_unistd_h=yes
ac_cv_header_utmp_h=yes
ac_cv_header_vfork_h=no
ac_cv_host=x86_64-unknown-linux-gnu
ac_cv_lib_curses_initscr=yes
ac_cv_objext=o
ac_cv_path_EGREP='/bin/grep -E'
ac_cv_path_GREP=/bin/grep
ac_cv_prog_COLCRT=colcrt
ac_cv_prog_CPP='gcc -E'
ac_cv_prog_GROFF=groff
ac_cv_prog_NROFF=nroff
ac_cv_prog_SED=sed
ac_cv_prog_TBL=tbl
ac_cv_prog_ac_ct_CC=gcc
ac_cv_prog_cc_c89=
ac_cv_prog_cc_g=yes
ac_cv_prog_gcc_traditional=no
ac_cv_struct_tm=time.h
ac_cv_target=x86_64-unknown-linux-gnu
ac_cv_type__Bool=yes
ac_cv_type_pid_t=yes
ac_cv_type_signal=void
ac_cv_type_size_t=yes
ac_cv_type_uid_t=yes

## ----------------- ##
## Output variables. ##
## ----------------- ##

CC='gcc'
CFLAGS='-g -O2'
COLCRT='colcrt'
CPP='gcc -E'
CPPFLAGS=''
DEFS='-DHAVE_CONFIG_H'
ECHO_C=''
ECHO_N='-n'
ECHO_T=''
EGREP='/bin/grep -E'
EXEEXT=''
GREP='/bin/grep'
GROFF='groff'
GROUPOWNER=''
LDFLAGS=''
LIBOBJS=''
LIBS='-lcurses '
LOCKFILE='rogue.lck'
LTLIBOBJS=''
NROFF='nroff'
OBJEXT='o'
PACKAGE_BUGREPORT='ant@anthive.com'
PACKAGE_NAME='Rogue'
PACKAGE_STRING='Rogue 5.4.4-ant-r1.1.4'
PACKAGE_TARNAME='rogue'
PACKAGE_URL=''
PACKAGE_VERSION='5.4.4-ant-r1.1.4'
PATH_SEPARATOR=':'
PROGRAM='rogue'
SCOREFILE='rogue.scr'
SED='sed'
SHELL='/bin/bash'
TARGET='x86_64-unknown-linux-gnu'
TBL='tbl'
ac_ct_CC='gcc'
bindir='${exec_prefix}/bin'
build='x86_64-unknown-linux-gnu'
build_alias=''
build_cpu='x86_64'
build_os='linux-gnu'
build_vendor='unknown'
datadir='${datarootdir}'
datarootdir='${prefix}/share'
docdir='${datarootdir}/doc/${PACKAGE_TARNAME}'
dvidir='${docdir}'
exec_prefix='${prefix}'
host='x86_64-unknown-linux-gnu'
host_alias=''
host_cpu='x86_64'
host_os='linux-gnu'
host_vendor='unknown'
htmldir='${docdir}'
includedir='${prefix}/include'
infodir='${datarootdir}/info'
libdir='${exec_prefix}/lib'
libexecdir='${exec_prefix}/libexec'
localedir='${datarootdir}/locale'
localstatedir='${prefix}/var'
mandir='${datarootdir}/man'
oldincludedir='/usr/include'
pdfdir='${docdir}'
prefix='/usr/local'
program_transform_name='s,x,x,'
psdir='${docdir}'
runstatedir='${localstatedir}/run'
sbindir='${exec_prefix}/sbin'
sharedstatedir='${prefix}/com'
sysconfdir='${prefix}/etc'
target='x86_64-unknown-linux-gnu'
target_alias=''
target_cpu='x86_64'
target_os='linux-gnu'
target_vendor='unknown'

## ----------- ##
## confdefs.h. ##
## ----------- ##

/* confdefs.h */
#define PACKAGE_NAME "Rogue"
#define PACKAGE_TARNAME "rogue"
#define PACKAGE_VERSION "5.4.4-ant-r1.1.4"
#define PACKAGE_STRING "Rogue 5.4.4-ant-r1.1.4"
#define PACKAGE_BUGREPORT "ant@anthive.com"
#define PACKAGE_URL ""
#define STDC_HEADERS 1
#define HAVE_SYS_TYPES_H 1
#define HAVE_SYS_STAT_H 1
#define HAVE_STDLIB_H 1
#define HAVE_STRING_H 1
#define HAVE_MEMORY_H 1
#define HAVE_STRINGS_H 1
#define HAVE_INTTYPES_H 1
#define HAVE_STDINT_H 1
#define HAVE_UNISTD_H 1
#define HAVE_ARPA_INET_H 1
#define HAVE_SYS_UTSNAME_H 1
#define HAVE_PWD_H 1
#define HAVE_FCNTL_H 1
#define HAVE_LIMITS_H 1
#define HAVE_STDLIB_H 1
#define HAVE_STRING_H 1
#define HAVE_SYS_IOCTL_H 1
#define HAVE_TERMIOS_H 1
#define HAVE_UNISTD_H 1
#define HAVE_UTMP_H 1
#define HAVE_TERM_H 1
#define HAVE__BOOL 1
#define HAVE_STDBOOL_H 1
#define HAVE_LIBCURSES 1
#define HAVE_FORK 1
#define HAVE_VFORK 1
#define HAVE_WORKING_VFORK 1
#define HAVE_WORKING_FORK 1
#define LSTAT_FOLLOWS_SLASHED_SYMLINK 1
#define LSTAT_FOLLOWS_SLASHED_SYMLINK 1
#define RETSIGTYPE void
#define HAVE_VPRINTF 1
#define HAVE_ERASECHAR 1
#define HAVE_KILLCHAR 1
#define HAVE_ALARM 1
#define HAVE_GETPASS 1
#define HAVE_MEMSET 1
#define HAVE_SETENV 1
#define HAVE_STRCHR 1
#define HAVE_GETPWUID 1
#define HAVE_GETLOADAVG 1
#define HAVE_STRERROR 1
#define HAVE_SETRESGID 1
#define HAVE_SETREGID 1
#define HAVE_SETGID 1
#define HAVE_SETRESUID 1
#define HAVE_SETREUID 1
#define HAVE_SETUID 1
#define HAVE_GETUID 1
#define HAVE_GETGID 1
#define SCOREFILE "rogue.scr"
#define LOCKFILE "rogue.lck"
#define ALLSCORES 1
#define NUMSCORES 10
#define NUMNAME "Ten"

configure: exit 0
